<?xml version="1.0" encoding="UTF-8"?>
<!-- Generated by org.testng.reporters.JUnitReportReporter -->
<testsuite hostname="BINCDV-I10165" name="Regression.INT.INT_CoBrowse_Interaction" tests="1" failures="0" timestamp="9 Aug 2017 13:28:34 GMT" time="222.722" errors="0">
  <testcase name="INT_CoBrowse_Interaction_Validation" time="222.722" classname="Regression.INT.INT_CoBrowse_Interaction"/>
</testsuite> <!-- Regression.INT.INT_CoBrowse_Interaction -->
