<?xml version="1.0" encoding="UTF-8"?>
<!-- Generated by org.testng.reporters.JUnitReportReporter -->
<testsuite hostname="BINCDV-I10165" name="Regression.INT.INT_Disclaimer_text_Consent_Opt_in_Opt_out" tests="1" failures="0" timestamp="9 Aug 2017 10:38:23 GMT" time="239.150" errors="0">
  <testcase name="INT_Disclaimer_text_Consent_Opt_in_Opt_out_Validation" time="239.150" classname="Regression.INT.INT_Disclaimer_text_Consent_Opt_in_Opt_out"/>
</testsuite> <!-- Regression.INT.INT_Disclaimer_text_Consent_Opt_in_Opt_out -->
