<?xml version="1.0" encoding="UTF-8"?>
<!-- Generated by org.testng.reporters.JUnitReportReporter -->
<testsuite hostname="BINCDV-I10165" name="Regression.INT.INT_Specific_channels_Multi_Language" tests="1" failures="0" timestamp="2 Jul 2017 20:51:43 GMT" time="536.360" errors="0">
  <testcase name="INT_Specific_channels_Multi_Language_Validation" time="536.360" classname="Regression.INT.INT_Specific_channels_Multi_Language"/>
</testsuite> <!-- Regression.INT.INT_Specific_channels_Multi_Language -->
