<?xml version="1.0" encoding="UTF-8"?>
<!-- Generated by org.testng.reporters.JUnitReportReporter -->
<testsuite hostname="BINCDV-I10165" name="Regression.US.US_Regression_Network_ID_and_MS_Centre_fields_MSL_iRep" tests="1" failures="0" timestamp="13 Jul 2017 10:41:16 GMT" time="289.760" errors="0">
  <testcase name="US_MSLnetworkID_MScenter_iRep" time="289.760" classname="Regression.US.US_Regression_Network_ID_and_MS_Centre_fields_MSL_iRep"/>
</testsuite> <!-- Regression.US.US_Regression_Network_ID_and_MS_Centre_fields_MSL_iRep -->
