<?xml version="1.0" encoding="UTF-8"?>
<!-- Generated by org.testng.reporters.JUnitReportReporter -->
<testsuite hostname="LT034297" name="Regression.US.NplateScript" tests="1" failures="0" timestamp="15 Sep 2017 13:38:48 GMT" time="78.185" errors="0">
  <testcase name="nPlate" time="78.185" classname="Regression.US.NplateScript"/>
</testsuite> <!-- Regression.US.NplateScript -->
