<?xml version="1.0" encoding="UTF-8"?>
<!-- Generated by org.testng.reporters.JUnitReportReporter -->
<testsuite hostname="BINCDV-I10165" name="Regression.INT.INT_Germany_Daily_FCR_Process" tests="1" failures="0" timestamp="10 Aug 2017 12:50:07 GMT" time="1236.633" errors="0">
  <testcase name="INT_Germany_Daily_FCR_Process_Validation" time="1236.633" classname="Regression.INT.INT_Germany_Daily_FCR_Process"/>
</testsuite> <!-- Regression.INT.INT_Germany_Daily_FCR_Process -->
