<?xml version="1.0" encoding="UTF-8"?>
<!-- Generated by org.testng.reporters.JUnitReportReporter -->
<testsuite hostname="BINCDV-I10165" name="Regression.INT.INT_Germany_FLM_Daily_FCR" tests="1" failures="0" timestamp="9 Aug 2017 16:01:11 GMT" time="487.651" errors="0">
  <testcase name="INT_Germany_FLM_Daily_FCR_Validation" time="487.651" classname="Regression.INT.INT_Germany_FLM_Daily_FCR"/>
</testsuite> <!-- Regression.INT.INT_Germany_FLM_Daily_FCR -->
