<?xml version="1.0" encoding="UTF-8"?>
<!-- Generated by org.testng.reporters.JUnitReportReporter -->
<testsuite hostname="BINCDV-I10165" name="Regression.US.US_Regression_Education_and_Credentials_MOSLs_iRep" tests="1" failures="0" timestamp="14 Jul 2017 13:15:14 GMT" time="276.266" errors="0">
  <testcase name="US_EducationCredentials_iRep" time="276.266" classname="Regression.US.US_Regression_Education_and_Credentials_MOSLs_iRep"/>
</testsuite> <!-- Regression.US.US_Regression_Education_and_Credentials_MOSLs_iRep -->
