<?xml version="1.0" encoding="UTF-8"?>
<!-- Generated by org.testng.reporters.JUnitReportReporter -->
<testsuite hostname="BINCDV-I10165" name="Regression.US.US_CSLToMedInfo_CreateByFieldMedUser" tests="1" failures="0" timestamp="1 Aug 2017 16:09:15 GMT" time="263.441" errors="0">
  <testcase name="US_CSLToMedInfo_FieldUser" time="263.441" classname="Regression.US.US_CSLToMedInfo_CreateByFieldMedUser"/>
</testsuite> <!-- Regression.US.US_CSLToMedInfo_CreateByFieldMedUser -->
