<?xml version="1.0" encoding="UTF-8"?>
<!-- Generated by org.testng.reporters.JUnitReportReporter -->
<testsuite hostname="BINCDV-I10165" name="Regression.US.US_Regression_Survey_iRep" tests="1" failures="0" timestamp="31 Jul 2017 11:57:35 GMT" time="212.451" errors="0">
  <testcase name="US_SurveyCreationCSL_iRep" time="212.451" classname="Regression.US.US_Regression_Survey_iRep"/>
</testsuite> <!-- Regression.US.US_Regression_Survey_iRep -->
