<?xml version="1.0" encoding="UTF-8"?>
<!-- Generated by org.testng.reporters.JUnitReportReporter -->
<testsuite hostname="BINCDV-I10165" name="Regression.INT.INT_Brazil_Behaviors_FCR_Process" tests="1" failures="0" timestamp="25 Jul 2017 15:06:55 GMT" time="1044.217" errors="0">
  <testcase name="INT_Brazil_Behaviors_FCR_Process_Validation" time="1044.217" classname="Regression.INT.INT_Brazil_Behaviors_FCR_Process"/>
</testsuite> <!-- Regression.INT.INT_Brazil_Behaviors_FCR_Process -->
