<?xml version="1.0" encoding="UTF-8"?>
<!-- Generated by org.testng.reporters.JUnitReportReporter -->
<testsuite hostname="BINCDV-I10165" name="Regression.INT.INT_Japan_Competencies_FCR_Process" tests="1" failures="0" timestamp="8 Aug 2017 16:33:37 GMT" time="1507.752" errors="0">
  <testcase name="INT_Japan_Competencies_FCR_Process_Validation" time="1507.752" classname="Regression.INT.INT_Japan_Competencies_FCR_Process"/>
</testsuite> <!-- Regression.INT.INT_Japan_Competencies_FCR_Process -->
