<?xml version="1.0" encoding="UTF-8"?>
<!-- Generated by org.testng.reporters.JUnitReportReporter -->
<testsuite hostname="BINCDV-I10165" name="Regression.US.US_OtherIndividuals_CSL" tests="1" failures="0" timestamp="20 Jul 2017 14:42:43 GMT" time="281.558" errors="0">
  <testcase name="US_OtherIndividualsCSL_iRep" time="281.558" classname="Regression.US.US_OtherIndividuals_CSL"/>
</testsuite> <!-- Regression.US.US_OtherIndividuals_CSL -->
