<?xml version="1.0" encoding="UTF-8"?>
<!-- Generated by org.testng.reporters.JUnitReportReporter -->
<testsuite hostname="LT034297" name="Regression.US.FullFlow" tests="1" failures="0" timestamp="21 Sep 2017 15:20:29 GMT" time="150.415" errors="0">
  <testcase name="nPlate" time="150.415" classname="Regression.US.FullFlow"/>
</testsuite> <!-- Regression.US.FullFlow -->
