<?xml version="1.0" encoding="UTF-8"?>
<!-- Generated by org.testng.reporters.JUnitReportReporter -->
<testsuite hostname="LT034297" name="com.framework.utility.FinalTest" tests="1" failures="0" timestamp="21 Sep 2017 15:20:29 GMT" time="0.078" errors="0">
  <testcase name="FinalTestReport" time="0.078" classname="com.framework.utility.FinalTest"/>
</testsuite> <!-- com.framework.utility.FinalTest -->
