<?xml version="1.0" encoding="UTF-8"?>
<!-- Generated by org.testng.reporters.JUnitReportReporter -->
<testsuite hostname="BINCDV-I10165" name="Regression.INT.INT_Consent_and_Notice_Form_Opt_In" tests="1" failures="0" timestamp="9 Aug 2017 10:38:23 GMT" time="392.645" errors="0">
  <testcase name="INT_Consent_and_Notice_Form_Opt_In_Validation" time="392.645" classname="Regression.INT.INT_Consent_and_Notice_Form_Opt_In"/>
</testsuite> <!-- Regression.INT.INT_Consent_and_Notice_Form_Opt_In -->
