<?xml version="1.0" encoding="UTF-8"?>
<!-- Generated by org.testng.reporters.JUnitReportReporter -->
<testsuite hostname="BINCDV-I10165" name="Regression.INT.INT_Brazil_SLM_Bahaviours_FCR" tests="1" failures="0" timestamp="25 Jul 2017 15:17:53 GMT" time="469.188" errors="0">
  <testcase name="INT_Brazil_SLM_Bahaviours_FCR_Validation" time="469.188" classname="Regression.INT.INT_Brazil_SLM_Bahaviours_FCR"/>
</testsuite> <!-- Regression.INT.INT_Brazil_SLM_Bahaviours_FCR -->
