<?xml version="1.0" encoding="UTF-8"?>
<!-- Generated by org.testng.reporters.JUnitReportReporter -->
<testsuite hostname="BINCDV-I10165" name="Regression.INT.INT_Field_Affiliation" tests="1" failures="0" timestamp="21 Jul 2017 13:54:14 GMT" time="281.941" errors="0">
  <testcase name="INT_Field_Affiliation_Validation" time="281.941" classname="Regression.INT.INT_Field_Affiliation"/>
</testsuite> <!-- Regression.INT.INT_Field_Affiliation -->
