<?xml version="1.0" encoding="UTF-8"?>
<!-- Generated by org.testng.reporters.JUnitReportReporter -->
<testsuite hostname="BINCDV-I10165" name="Regression.US.US_Regression_New_fields_on_Account_for_MSL_user_iRep" tests="1" failures="0" timestamp="13 Jul 2017 10:41:16 GMT" time="300.493" errors="0">
  <testcase name="US_NewMSLuserAccount_iRep" time="300.493" classname="Regression.US.US_Regression_New_fields_on_Account_for_MSL_user_iRep"/>
</testsuite> <!-- Regression.US.US_Regression_New_fields_on_Account_for_MSL_user_iRep -->
