<?xml version="1.0" encoding="UTF-8"?>
<!-- Generated by org.testng.reporters.JUnitReportReporter -->
<testsuite hostname="BINCDV-I10165" name="Regression.US.US_Regression_Interaction_Type_field_commercial__iRep" tests="1" failures="0" timestamp="13 Jul 2017 11:38:12 GMT" time="192.920" errors="0">
  <testcase name="US_InteractionTypeCommercial_iRep" time="192.920" classname="Regression.US.US_Regression_Interaction_Type_field_commercial__iRep"/>
</testsuite> <!-- Regression.US.US_Regression_Interaction_Type_field_commercial__iRep -->
