<?xml version="1.0" encoding="UTF-8"?>
<!-- Generated by org.testng.reporters.JUnitReportReporter -->
<testsuite hostname="BINCDV-I10165" name="Regression.US.US_Regression_CLM_CurrentSlide_orangeBorder" tests="1" failures="0" timestamp="17 Jul 2017 11:37:25 GMT" time="244.343" errors="0">
  <testcase name="US_OrangeBoreder_iRep" time="244.343" classname="Regression.US.US_Regression_CLM_CurrentSlide_orangeBorder"/>
</testsuite> <!-- Regression.US.US_Regression_CLM_CurrentSlide_orangeBorder -->
