<?xml version="1.0" encoding="UTF-8"?>
<!-- Generated by org.testng.reporters.JUnitReportReporter -->
<testsuite hostname="BINCDV-I10165" name="Regression.INT.INT_Regression_CLM_CurrentSlide_OrangeBorder" tests="1" failures="0" timestamp="14 Aug 2017 12:35:46 GMT" time="199.506" errors="0">
  <testcase name="INT_OrangeBoreder_iRep" time="199.506" classname="Regression.INT.INT_Regression_CLM_CurrentSlide_OrangeBorder"/>
</testsuite> <!-- Regression.INT.INT_Regression_CLM_CurrentSlide_OrangeBorder -->
