<?xml version="1.0" encoding="UTF-8"?>
<!-- Generated by org.testng.reporters.JUnitReportReporter -->
<testsuite hostname="LT034297" name="com.framework.utility.FinalTest" tests="1" failures="0" timestamp="15 Nov 2017 13:50:33 GMT" time="0.039" errors="0">
  <testcase name="FinalTestReport" time="0.039" classname="com.framework.utility.FinalTest"/>
</testsuite> <!-- com.framework.utility.FinalTest -->
