<?xml version="1.0" encoding="UTF-8"?>
<!-- Generated by org.testng.reporters.JUnitReportReporter -->
<testsuite hostname="BINCDV-I10165" name="Regression.INT.INT_Japan_FLM_Competencies_FCR" tests="1" failures="0" timestamp="7 Aug 2017 09:50:13 GMT" time="619.885" errors="0">
  <testcase name="INT_Japan_FLM_Competencies_FCR_Validation" time="619.885" classname="Regression.INT.INT_Japan_FLM_Competencies_FCR"/>
</testsuite> <!-- Regression.INT.INT_Japan_FLM_Competencies_FCR -->
