<?xml version="1.0" encoding="UTF-8"?>
<!-- Generated by org.testng.reporters.JUnitReportReporter -->
<testsuite hostname="BINCDV-I10165" name="Regression.US.US_Interaction_Type_CSL" tests="1" failures="0" timestamp="21 Jul 2017 17:14:02 GMT" time="255.327" errors="0">
  <testcase name="US_InteractionTypeCSL_iRep" time="255.327" classname="Regression.US.US_Interaction_Type_CSL"/>
</testsuite> <!-- Regression.US.US_Interaction_Type_CSL -->
