<?xml version="1.0" encoding="UTF-8"?>
<!-- Generated by org.testng.reporters.JUnitReportReporter -->
<testsuite hostname="BINCDV-I10165" name="Regression.INT.INT_Email_Phone_Mail_SMS_Opted_Out" tests="1" failures="0" timestamp="9 Aug 2017 10:38:23 GMT" time="398.022" errors="0">
  <testcase name="INT_Email_Phone_Mail_SMS_Opted_Out_Validation" time="398.022" classname="Regression.INT.INT_Email_Phone_Mail_SMS_Opted_Out"/>
</testsuite> <!-- Regression.INT.INT_Email_Phone_Mail_SMS_Opted_Out -->
