<?xml version="1.0" encoding="UTF-8"?>
<!-- Generated by org.testng.reporters.JUnitReportReporter -->
<testsuite hostname="BINCDV-I10165" name="Regression.US.US_Field_Affiliation" tests="1" failures="0" timestamp="13 Jul 2017 10:41:16 GMT" time="269.786" errors="0">
  <testcase name="US_Field_Affiliation_Validation" time="269.786" classname="Regression.US.US_Field_Affiliation"/>
</testsuite> <!-- Regression.US.US_Field_Affiliation -->
