<?xml version="1.0" encoding="UTF-8"?>
<!-- Generated by org.testng.reporters.JUnitReportReporter -->
<testsuite hostname="BINCDV-I10165" name="Regression.US.US_Regression_DCR_Without_NW_ID_AccHCP" tests="1" failures="0" timestamp="18 Jul 2017 09:37:27 GMT" time="476.394" errors="0">
  <testcase name="US_DCRcreationWithoutNWID_iRep" time="476.394" classname="Regression.US.US_Regression_DCR_Without_NW_ID_AccHCP"/>
</testsuite> <!-- Regression.US.US_Regression_DCR_Without_NW_ID_AccHCP -->
